c:\dev\vulkan\vulkan\x64\debug\application.obj
c:\dev\vulkan\vulkan\x64\debug\source.obj
c:\dev\vulkan\vulkan\x64\debug\renderer.obj
c:\dev\vulkan\vulkan\x64\debug\window.obj
c:\dev\vulkan\vulkan\x64\debug\vc142.pdb
c:\dev\vulkan\vulkan\x64\debug\vc142.idb
c:\dev\vulkan\vulkan\x64\debug\imgui.obj
c:\dev\vulkan\vulkan\x64\debug\imgui_widgets.obj
c:\dev\vulkan\vulkan\x64\debug\imgui_draw.obj
c:\dev\vulkan\vulkan\x64\debug\imgui_demo.obj
c:\dev\vulkan\vulkan\x64\debug\imgui_tables.obj
c:\dev\vulkan\vulkan\x64\debug\imgui_impl_vulkan.obj
c:\dev\vulkan\vulkan\x64\debug\imgui_impl_glfw.obj
c:\dev\vulkan\x64\debug\vulkan.exe
c:\dev\vulkan\vulkan\x64\debug\vulkan.ilk
c:\dev\vulkan\x64\debug\vulkan.pdb
c:\dev\vulkan\vulkan\x64\debug\vulkan.tlog\cl.command.1.tlog
c:\dev\vulkan\vulkan\x64\debug\vulkan.tlog\cl.read.1.tlog
c:\dev\vulkan\vulkan\x64\debug\vulkan.tlog\cl.write.1.tlog
c:\dev\vulkan\vulkan\x64\debug\vulkan.tlog\link.command.1.tlog
c:\dev\vulkan\vulkan\x64\debug\vulkan.tlog\link.read.1.tlog
c:\dev\vulkan\vulkan\x64\debug\vulkan.tlog\link.write.1.tlog
